<?xml version="1.0" encoding="UTF-8"?>
<testng-results ignored="0" total="3" passed="3" failed="0" skipped="0">
  <reporter-output>
  </reporter-output>
  <suite started-at="2021-01-18T15:27:12Z" name="D42Demo" finished-at="2021-01-18T15:27:50Z" duration-ms="38201">
    <groups>
    </groups>
    <test started-at="2021-01-18T15:27:12Z" name="Test" finished-at="2021-01-18T15:27:50Z" duration-ms="38201">
      <class name="Academy.DataCenterTest">
        <test-method is-config="true" signature="initializeDriver()[pri:0, instance:Academy.DataCenterTest@29ad44e3]" started-at="2021-01-18T15:27:06Z" name="initializeDriver" description="This initialises the driver selected in the gloabal parameter which can be used by all tests" finished-at="2021-01-18T15:27:12Z" duration-ms="6122" status="PASS">
          <reporter-output>
          </reporter-output>
        </test-method> <!-- initializeDriver -->
        <test-method is-config="true" signature="login()[pri:0, instance:Academy.DataCenterTest@29ad44e3]" started-at="2021-01-18T15:27:12Z" name="login" description="This logs into the D42" finished-at="2021-01-18T15:27:24Z" duration-ms="12537" status="PASS">
          <reporter-output>
          </reporter-output>
        </test-method> <!-- login -->
        <test-method signature="create_building()[pri:0, instance:Academy.DataCenterTest@29ad44e3]" started-at="2021-01-18T15:27:24Z" name="create_building" description="This creates a New Building in Datacenter" finished-at="2021-01-18T15:27:32Z" duration-ms="8157" status="PASS">
          <reporter-output>
          </reporter-output>
        </test-method> <!-- create_building -->
        <test-method signature="create_rack()[pri:0, instance:Academy.DataCenterTest@29ad44e3]" started-at="2021-01-18T15:27:32Z" name="create_rack" description="This creates a New Rack in Datacenter" finished-at="2021-01-18T15:27:42Z" duration-ms="9889" status="PASS">
          <reporter-output>
          </reporter-output>
        </test-method> <!-- create_rack -->
        <test-method signature="create_room()[pri:0, instance:Academy.DataCenterTest@29ad44e3]" started-at="2021-01-18T15:27:42Z" name="create_room" description="This creates a New Room in Datacenter" finished-at="2021-01-18T15:27:49Z" duration-ms="7053" status="PASS">
          <reporter-output>
          </reporter-output>
        </test-method> <!-- create_room -->
        <test-method is-config="true" signature="logout()[pri:0, instance:Academy.DataCenterTest@29ad44e3]" started-at="2021-01-18T15:27:49Z" name="logout" description="This logs out from D42" finished-at="2021-01-18T15:27:50Z" duration-ms="519" status="PASS">
          <reporter-output>
          </reporter-output>
        </test-method> <!-- logout -->
        <test-method is-config="true" signature="closeBrowser()[pri:0, instance:Academy.DataCenterTest@29ad44e3]" started-at="2021-01-18T15:27:50Z" name="closeBrowser" description="This closes the browser at the end of the suite" finished-at="2021-01-18T15:27:50Z" duration-ms="118" status="PASS">
          <reporter-output>
          </reporter-output>
        </test-method> <!-- closeBrowser -->
      </class> <!-- Academy.DataCenterTest -->
    </test> <!-- Test -->
  </suite> <!-- D42Demo -->
</testng-results>
