<?xml version="1.0" encoding="UTF-8"?>
<!-- Generated by org.testng.reporters.JUnitXMLReporter -->
<testsuite ignored="0" hostname="Supriya-Win10" failures="0" tests="3" name="Test" time="38.201" errors="0" timestamp="18 Jan 2021 15:27:50 GMT">
  <testcase classname="Academy.DataCenterTest" name="create_building" time="8.157"/>
  <testcase classname="Academy.DataCenterTest" name="create_rack" time="9.889"/>
  <testcase classname="Academy.DataCenterTest" name="create_room" time="7.053"/>
</testsuite> <!-- Test -->
